#
# There is insufficient memory for the Java Runtime Environment to continue.
# Native memory allocation (mmap) failed to map 264241152 bytes for G1 virtual space
# Possible reasons:
#   The system is out of physical RAM or swap space
#   The process is running with CompressedOops enabled, and the Java Heap may be blocking the growth of the native heap
# Possible solutions:
#   Reduce memory load on the system
#   Increase physical memory or swap space
#   Check if swap backing store is full
#   Decrease Java heap size (-Xmx/-Xms)
#   Decrease number of Java threads
#   Decrease Java thread stack sizes (-Xss)
#   Set larger code cache with -XX:ReservedCodeCacheSize=
#   JVM is running with Zero Based Compressed Oops mode in which the Java heap is
#     placed in the first 32GB address space. The Java Heap base address is the
#     maximum limit for the native heap growth. Please use -XX:HeapBaseMinAddress
#     to set the Java Heap base and to place the Java Heap above 32GB virtual address.
# This output file may be truncated or incomplete.
#
#  Out of Memory Error (os_windows.cpp:3527), pid=30164, tid=33576
#
# JRE version:  (19.0.1+10) (build )
# Java VM: Java HotSpot(TM) 64-Bit Server VM (19.0.1+10-21, mixed mode, sharing, tiered, compressed oops, compressed class ptrs, g1 gc, windows-amd64)
# No core dump will be written. Minidumps are not enabled by default on client versions of Windows
#

---------------  S U M M A R Y ------------

Command Line: -Dfile.encoding=UTF-8 -XX:+ShowCodeDetailsInExceptionMessages CustomerManagerApp

Host: 12th Gen Intel(R) Core(TM) i7-1250U, 12 cores, 15G,  Windows 11 , 64 bit Build 22621 (10.0.22621.2215)
Time: Mon Nov 13 17:31:08 2023 Eastern Standard Time elapsed time: 0.009716 seconds (0d 0h 0m 0s)

---------------  T H R E A D  ---------------

Current thread (0x000001b5a0366b60):  JavaThread "Unknown thread" [_thread_in_vm, id=33576, stack(0x000000712e100000,0x000000712e200000)]

Stack: [0x000000712e100000,0x000000712e200000]
Native frames: (J=compiled Java code, j=interpreted, Vv=VM code, C=native code)
V  [jvm.dll+0x6ee8fa]
V  [jvm.dll+0x857a1e]
V  [jvm.dll+0x85940e]
V  [jvm.dll+0x859ac3]
V  [jvm.dll+0x28291f]
V  [jvm.dll+0x6eb6e9]
V  [jvm.dll+0x6e028a]
V  [jvm.dll+0x357136]
V  [jvm.dll+0x35eb96]
V  [jvm.dll+0x3b555e]
V  [jvm.dll+0x3b578f]
V  [jvm.dll+0x32c6ea]
V  [jvm.dll+0x32d59e]
V  [jvm.dll+0x821b20]
V  [jvm.dll+0x3c27c1]
V  [jvm.dll+0x8022f1]
V  [jvm.dll+0x44b30f]
V  [jvm.dll+0x44cc91]
C  [jli.dll+0x5287]
C  [ucrtbase.dll+0x29363]
C  [KERNEL32.DLL+0x1257d]
C  [ntdll.dll+0x5aa68]


---------------  P R O C E S S  ---------------

Threads class SMR info:
_java_thread_list=0x00007ff812fcd048, length=0, elements={
}

Java Threads: ( => current thread )

Other Threads:
  0x000001b5a03d6ea0 WorkerThread "GC Thread#0" [stack: 0x000000712e200000,0x000000712e300000] [id=3008]
  0x000001b5a03e7810 ConcurrentGCThread "G1 Main Marker" [stack: 0x000000712e300000,0x000000712e400000] [id=14792]
  0x000001b5a03e8240 WorkerThread "G1 Conc#0" [stack: 0x000000712e400000,0x000000712e500000] [id=42392]

[error occurred during error reporting (printing all threads), id 0xc0000005, EXCEPTION_ACCESS_VIOLATION (0xc0000005) at pc=0x00007ff81278d127]

VM state: not at safepoint (not fully initialized)

VM Mutex/Monitor currently owned by a thread:  ([mutex/lock_event])
[0x000001b5a03616e0] Heap_lock - owner thread: 0x000001b5a0366b60

Heap address: 0x0000000705e00000, size: 4002 MB, Compressed Oops mode: Zero based, Oop shift amount: 3

CDS archive(s) mapped at: [0x0000000000000000-0x0000000000000000-0x0000000000000000), size 0, SharedBaseAddress: 0x0000000800000000, ArchiveRelocationMode: 0.
Narrow klass base: 0x0000000000000000, Narrow klass shift: 0, Narrow klass range: 0x0

GC Precious Log:
 CardTable entry size: 512
 Card Set container configuration: InlinePtr #cards 4 size 8 Array Of Cards #cards 16 size 48 Howl #buckets 8 coarsen threshold 3686 Howl Bitmap #cards 512 size 80 coarsen threshold 460 Card regions per heap region 1 cards per card region 4096

Heap:
 garbage-first heap   total 0K, used 0K [0x0000000705e00000, 0x0000000800000000)
  region size 2048K, 0 young (0K), 0 survivors (0K)

[error occurred during error reporting (printing heap information), id 0xc0000005, EXCEPTION_ACCESS_VIOLATION (0xc0000005) at pc=0x00007ff812b96959]

GC Heap History (0 events):
No events

Dll operation events (1 events):
Event: 0.006 Loaded shared library C:\Program Files\Java\jdk-19\bin\java.dll

Deoptimization events (0 events):
No events

Classes loaded (0 events):
No events

Classes unloaded (0 events):
No events

Classes redefined (0 events):
No events

Internal exceptions (0 events):
No events

VM Operations (0 events):
No events

Events (0 events):
No events


Dynamic libraries:
0x00007ff621ce0000 - 0x00007ff621cf0000 	C:\Program Files\Java\jdk-19\bin\javaw.exe
0x00007ff892d70000 - 0x00007ff892f84000 	C:\Windows\SYSTEM32\ntdll.dll
0x00007ff891530000 - 0x00007ff8915f4000 	C:\Windows\System32\KERNEL32.DLL
0x00007ff8906b0000 - 0x00007ff890a54000 	C:\Windows\System32\KERNELBASE.dll
0x00007ff890120000 - 0x00007ff890231000 	C:\Windows\System32\ucrtbase.dll
0x00007ff888260000 - 0x00007ff88827b000 	C:\Program Files\Java\jdk-19\bin\VCRUNTIME140.dll
0x00007ff880190000 - 0x00007ff8801a8000 	C:\Program Files\Java\jdk-19\bin\jli.dll
0x00007ff891fa0000 - 0x00007ff892050000 	C:\Windows\System32\ADVAPI32.dll
0x00007ff8913f0000 - 0x00007ff891497000 	C:\Windows\System32\msvcrt.dll
0x00007ff892ae0000 - 0x00007ff892b86000 	C:\Windows\System32\sechost.dll
0x00007ff8927a0000 - 0x00007ff8928b7000 	C:\Windows\System32\RPCRT4.dll
0x00007ff891c90000 - 0x00007ff891e3e000 	C:\Windows\System32\USER32.dll
0x00007ff890680000 - 0x00007ff8906a6000 	C:\Windows\System32\win32u.dll
0x00007ff891330000 - 0x00007ff891359000 	C:\Windows\System32\GDI32.dll
0x00007ff86f840000 - 0x00007ff86fad3000 	C:\Windows\WinSxS\amd64_microsoft.windows.common-controls_6595b64144ccf1df_6.0.22621.2215_none_270d72677387dfc3\COMCTL32.dll
0x00007ff890380000 - 0x00007ff890498000 	C:\Windows\System32\gdi32full.dll
0x00007ff890a60000 - 0x00007ff890afa000 	C:\Windows\System32\msvcp_win.dll
0x00007ff8889b0000 - 0x00007ff8889ba000 	C:\Windows\SYSTEM32\VERSION.dll
0x00007ff891e80000 - 0x00007ff891eb1000 	C:\Windows\System32\IMM32.DLL
0x00007ff88aeb0000 - 0x00007ff88aebc000 	C:\Program Files\Java\jdk-19\bin\vcruntime140_1.dll
0x00007ff87e8e0000 - 0x00007ff87e96e000 	C:\Program Files\Java\jdk-19\bin\msvcp140.dll
0x00007ff812450000 - 0x00007ff813110000 	C:\Program Files\Java\jdk-19\bin\server\jvm.dll
0x00007ff87f270000 - 0x00007ff87f279000 	C:\Windows\SYSTEM32\WSOCK32.dll
0x00007ff88db60000 - 0x00007ff88db94000 	C:\Windows\SYSTEM32\WINMM.dll
0x00007ff891f20000 - 0x00007ff891f91000 	C:\Windows\System32\WS2_32.dll
0x00007ff88f1d0000 - 0x00007ff88f1e8000 	C:\Windows\SYSTEM32\kernel.appcore.dll
0x00007ff88add0000 - 0x00007ff88adda000 	C:\Program Files\Java\jdk-19\bin\jimage.dll
0x00007ff88d880000 - 0x00007ff88daae000 	C:\Windows\SYSTEM32\DBGHELP.DLL
0x00007ff892410000 - 0x00007ff89279a000 	C:\Windows\System32\combase.dll
0x00007ff892050000 - 0x00007ff892127000 	C:\Windows\System32\OLEAUT32.dll
0x00007ff88db20000 - 0x00007ff88db52000 	C:\Windows\SYSTEM32\dbgcore.DLL
0x00007ff890240000 - 0x00007ff8902ba000 	C:\Windows\System32\bcryptPrimitives.dll
0x00007ff87f320000 - 0x00007ff87f346000 	C:\Program Files\Java\jdk-19\bin\java.dll

dbghelp: loaded successfully - version: 4.0.5 - missing functions: none
symbol engine: initialized successfully - sym options: 0x614 - pdb path: .;C:\Program Files\Java\jdk-19\bin;C:\Windows\SYSTEM32;C:\Windows\WinSxS\amd64_microsoft.windows.common-controls_6595b64144ccf1df_6.0.22621.2215_none_270d72677387dfc3;C:\Program Files\Java\jdk-19\bin\server

VM Arguments:
jvm_args: -Dfile.encoding=UTF-8 -XX:+ShowCodeDetailsInExceptionMessages 
java_command: CustomerManagerApp
java_class_path (initial): C:\Users\supri\eclipse-workspace\CustomerManagerLab3\bin
Launcher Type: SUN_STANDARD

[Global flags]
     intx CICompilerCount                          = 4                                         {product} {ergonomic}
     uint ConcGCThreads                            = 3                                         {product} {ergonomic}
     uint G1ConcRefinementThreads                  = 10                                        {product} {ergonomic}
   size_t G1HeapRegionSize                         = 2097152                                   {product} {ergonomic}
    uintx GCDrainStackTargetSize                   = 64                                        {product} {ergonomic}
   size_t InitialHeapSize                          = 264241152                                 {product} {ergonomic}
   size_t MarkStackSize                            = 4194304                                   {product} {ergonomic}
   size_t MaxHeapSize                              = 4196401152                                {product} {ergonomic}
   size_t MinHeapDeltaBytes                        = 2097152                                   {product} {ergonomic}
   size_t MinHeapSize                              = 8388608                                   {product} {ergonomic}
    uintx NonNMethodCodeHeapSize                   = 5839372                                {pd product} {ergonomic}
    uintx NonProfiledCodeHeapSize                  = 122909434                              {pd product} {ergonomic}
    uintx ProfiledCodeHeapSize                     = 122909434                              {pd product} {ergonomic}
    uintx ReservedCodeCacheSize                    = 251658240                              {pd product} {ergonomic}
     bool SegmentedCodeCache                       = true                                      {product} {ergonomic}
     bool ShowCodeDetailsInExceptionMessages       = true                                   {manageable} {command line}
   size_t SoftMaxHeapSize                          = 4196401152                             {manageable} {ergonomic}
     bool UseCompressedClassPointers               = true                           {product lp64_product} {ergonomic}
     bool UseCompressedOops                        = true                           {product lp64_product} {ergonomic}
     bool UseG1GC                                  = true                                      {product} {ergonomic}
     bool UseLargePagesIndividualAllocation        = false                                  {pd product} {ergonomic}

Logging:
Log output configuration:
 #0: stdout all=warning uptime,level,tags foldmultilines=false
 #1: stderr all=off uptime,level,tags foldmultilines=false

Environment Variables:
JAVA_HOME=C:\Program Files\Java\jdk-19
PATH=C:\Program Files (x86)\VMware\VMware Player\bin\;C:\Program Files\Common Files\Oracle\Java\javapath;C:\Windows\system32;C:\Windows;C:\Windows\System32\Wbem;C:\Windows\System32\WindowsPowerShell\v1.0\;C:\Windows\System32\OpenSSH\;C:\Program Files\dotnet\;C:\Program Files\Java\jdk-19\bin;C:\Program Files\Common Files\Oracle\Java\javapath;C:\Program Files\nodejs\;C:\Users\supri\AppData\Local\Microsoft\WindowsApps;;C:\Users\supri\AppData\Local\Programs\Microsoft VS Code\bin;C:\Users\supri\AppData\Roaming\npm
USERNAME=supri
OS=Windows_NT
PROCESSOR_IDENTIFIER=Intel64 Family 6 Model 154 Stepping 4, GenuineIntel
TMP=C:\Users\supri\AppData\Local\Temp
TEMP=C:\Users\supri\AppData\Local\Temp



---------------  S Y S T E M  ---------------

OS:
 Windows 11 , 64 bit Build 22621 (10.0.22621.2215)
OS uptime: 17 days 22:25 hours
Hyper-V role detected

CPU: total 12 (initial active 12) (6 cores per cpu, 2 threads per core) family 6 model 154 stepping 4 microcode 0x429, cx8, cmov, fxsr, ht, mmx, 3dnowpref, sse, sse2, sse3, ssse3, sse4.1, sse4.2, popcnt, lzcnt, tsc, tscinvbit, avx, avx2, aes, erms, clmul, bmi1, bmi2, adx, sha, fma, vzeroupper, clflush, clflushopt, clwb, hv, serialize, rdtscp, rdpid, fsrm

Memory: 4k page, system-wide physical 16004M (3598M free)
TotalPageFile size 65156M (AvailPageFile size 252M)
current process WorkingSet (physical memory assigned to process): 11M, peak: 11M
current process commit charge ("private bytes"): 64M, peak: 316M

vm_info: Java HotSpot(TM) 64-Bit Server VM (19.0.1+10-21) for windows-amd64 JRE (19.0.1+10-21), built on 2022-09-14T12:45:06Z by "mach5one" with MS VC++ 17.1 (VS2022)

END.
